Using pre-set license
Built from '2021.3/staging' branch; Version is '2021.3.9f1 (ad3870b89536) revision 11352176'; Using compiler version '192829333'; Build Type 'Release'
OS: 'Windows 11  (10.0.22000) 64bit Core' Language: 'en' Physical Memory: 8043 MB
BatchMode: 1, IsHumanControllingUs: 0, StartBugReporterOnCrash: 0, Is64bit: 1, IsPro: 1

COMMAND LINE ARGUMENTS:
C:\Program Files\UnityEditors\2021.3.9f1\Editor\Unity.exe
-adb2
-batchMode
-noUpm
-name
AssetImportWorker1
-projectPath
C:/Users/NarraAtor/Documents/RIT Arc/Third Year/Spring Semester/IGME 560/IGME560 Repo/IGME560Repo/HW1 Movement
-logFile
Logs/AssetImportWorker1.log
-srvPort
11735
Successfully changed project path to: C:/Users/NarraAtor/Documents/RIT Arc/Third Year/Spring Semester/IGME 560/IGME560 Repo/IGME560Repo/HW1 Movement
C:/Users/NarraAtor/Documents/RIT Arc/Third Year/Spring Semester/IGME 560/IGME560 Repo/IGME560Repo/HW1 Movement
[UnityMemory] Configuration Parameters - Can be set up in boot.config
    "memorysetup-bucket-allocator-granularity=16"
    "memorysetup-bucket-allocator-bucket-count=8"
    "memorysetup-bucket-allocator-block-size=33554432"
    "memorysetup-bucket-allocator-block-count=8"
    "memorysetup-main-allocator-block-size=16777216"
    "memorysetup-thread-allocator-block-size=16777216"
    "memorysetup-gfx-main-allocator-block-size=16777216"
    "memorysetup-gfx-thread-allocator-block-size=16777216"
    "memorysetup-cache-allocator-block-size=4194304"
    "memorysetup-typetree-allocator-block-size=2097152"
    "memorysetup-profiler-bucket-allocator-granularity=16"
    "memorysetup-profiler-bucket-allocator-bucket-count=8"
    "memorysetup-profiler-bucket-allocator-block-size=33554432"
    "memorysetup-profiler-bucket-allocator-block-count=8"
    "memorysetup-profiler-allocator-block-size=16777216"
    "memorysetup-profiler-editor-allocator-block-size=1048576"
    "memorysetup-temp-allocator-size-main=16777216"
    "memorysetup-job-temp-allocator-block-size=2097152"
    "memorysetup-job-temp-allocator-block-size-background=1048576"
    "memorysetup-job-temp-allocator-reduction-small-platforms=262144"
    "memorysetup-temp-allocator-size-background-worker=32768"
    "memorysetup-temp-allocator-size-job-worker=262144"
    "memorysetup-temp-allocator-size-preload-manager=33554432"
    "memorysetup-temp-allocator-size-nav-mesh-worker=65536"
    "memorysetup-temp-allocator-size-audio-worker=65536"
    "memorysetup-temp-allocator-size-cloud-worker=32768"
    "memorysetup-temp-allocator-size-gi-baking-worker=262144"
    "memorysetup-temp-allocator-size-gfx=262144"
Refreshing native plugins compatible for Editor in 228.06 ms, found 4 plugins.
Preloading 0 native plugins for Editor in 0.00 ms.
Initialize engine version: 2021.3.9f1 (ad3870b89536)
[Subsystems] Discovering subsystems at path C:/Program Files/UnityEditors/2021.3.9f1/Editor/Data/Resources/UnitySubsystems
[Subsystems] Discovering subsystems at path C:/Users/NarraAtor/Documents/RIT Arc/Third Year/Spring Semester/IGME 560/IGME560 Repo/IGME560Repo/HW1 Movement/Assets
GfxDevice: creating device client; threaded=0; jobified=0
Direct3D:
    Version:  Direct3D 11.0 [level 11.1]
    Renderer: NVIDIA GeForce GTX 1650 (ID=0x1f91)
    Vendor:   NVIDIA
    VRAM:     3949 MB
    Driver:   31.0.15.2824
Initialize mono
Mono path[0] = 'C:/Program Files/UnityEditors/2021.3.9f1/Editor/Data/Managed'
Mono path[1] = 'C:/Program Files/UnityEditors/2021.3.9f1/Editor/Data/MonoBleedingEdge/lib/mono/unityjit-win32'
Mono config path = 'C:/Program Files/UnityEditors/2021.3.9f1/Editor/Data/MonoBleedingEdge/etc'
Using monoOptions --debugger-agent=transport=dt_socket,embedding=1,server=y,suspend=n,address=127.0.0.1:56540
Begin MonoManager ReloadAssembly
Failed loading assembly C:/Program Files/UnityEditors/2021.3.9f1/Editor/Data/Managed/UnityEngine/UnityEditor.QuickSearchModule.dll reason: Not enough space
Loading assembly failed: "C:/Program Files/UnityEditors/2021.3.9f1/Editor/Data/Managed/UnityEngine/UnityEditor.QuickSearchModule.dll" reason: Not enough space
Failed loading assembly C:/Program Files/UnityEditors/2021.3.9f1/Editor/Data/Managed/UnityEngine/UnityEditor.UnityConnectModule.dll reason: Not enough space
Loading assembly failed: "C:/Program Files/UnityEditors/2021.3.9f1/Editor/Data/Managed/UnityEngine/UnityEditor.UnityConnectModule.dll" reason: Not enough space
Could not allocate 47144 bytes
Crash!!!
SymInit: Symbol-SearchPath: 'C:/Program Files/UnityEditors/2021.3.9f1/Editor/Data/Mono;.;C:\Users\NarraAtor\Documents\RIT Arc\Third Year\Spring Semester\IGME 560\IGME560 Repo\IGME560Repo\HW1 Movement;C:\Users\NarraAtor\Documents\RIT Arc\Third Year\Spring Semester\IGME 560\IGME560 Repo\IGME560Repo\HW1 Movement\Library\BurstCache\JIT;C:\Program Files\UnityEditors\2021.3.9f1\Editor;C:\WINDOWS;C:\WINDOWS\system32;SRV*C:\websymbols*http://msdl.microsoft.com/download/symbols;', symOptions: 534, UserName: 'NarraAtor'
OS-Version: 10.0.0
C:\Program Files\UnityEditors\2021.3.9f1\Editor\Unity.exe:Unity.exe (00007FF760180000), size: 73478144 (result: 0), SymType: '-deferred-', PDB: '', fileVersion: 2021.3.9.14448
C:\WINDOWS\SYSTEM32\ntdll.dll:ntdll.dll (00007FF85A980000), size: 2134016 (result: 0), SymType: '-deferred-', PDB: '', fileVersion: 10.0.22000.918
C:\WINDOWS\System32\KERNEL32.DLL:KERNEL32.DLL (00007FF859760000), size: 778240 (result: 0), SymType: '-deferred-', PDB: '', fileVersion: 10.0.22000.1335
C:\WINDOWS\System32\KERNELBASE.dll:KERNELBASE.dll (00007FF858110000), size: 3649536 (result: 0), SymType: '-deferred-', PDB: '', fileVersion: 10.0.22000.1335
C:\WINDOWS\System32\CRYPT32.dll:CRYPT32.dll (00007FF857E50000), size: 1449984 (result: 0), SymType: '-deferred-', PDB: '', fileVersion: 10.0.22000.1098
C:\WINDOWS\System32\ucrtbase.dll:ucrtbase.dll (00007FF8585D0000), size: 1118208 (result: 0), SymType: '-deferred-', PDB: '', fileVersion: 10.0.22000.1
C:\WINDOWS\System32\USER32.dll:USER32.dll (00007FF858D90000), size: 1757184 (result: 0), SymType: '-deferred-', PDB: '', fileVersion: 10.0.22000.1455
C:\WINDOWS\System32\win32u.dll:win32u.dll (00007FF857FC0000), size: 155648 (result: 0), SymType: '-deferred-', PDB: '', fileVersion: 10.0.22000.1455
C:\WINDOWS\System32\GDI32.dll:GDI32.dll (00007FF859550000), size: 167936 (result: 0), SymType: '-deferred-', PDB: '', fileVersion: 10.0.22000.832
C:\Program Files\UnityEditors\2021.3.9f1\Editor\libfbxsdk.dll:libfbxsdk.dll (00007FFFF5410000), size: 10215424 (result: 0), SymType: '-deferred-', PDB: '', fileVersion: 2020.2.0.0
C:\Program Files\UnityEditors\2021.3.9f1\Editor\optix.6.0.0.dll:optix.6.0.0.dll (00007FF803BC0000), size: 208896 (result: 0), SymType: '-deferred-', PDB: '', fileVersion: 6.0.0.0
C:\Program Files\UnityEditors\2021.3.9f1\Editor\s3tcompress.dll:s3tcompress.dll (00007FF8547E0000), size: 180224 (result: 0), SymType: '-deferred-', PDB: ''
C:\WINDOWS\System32\gdi32full.dll:gdi32full.dll (00007FF857FF0000), size: 1146880 (result: 0), SymType: '-deferred-', PDB: '', fileVersion: 10.0.22000.1335
C:\WINDOWS\System32\msvcp_win.dll:msvcp_win.dll (00007FF858760000), size: 643072 (result: 0), SymType: '-deferred-', PDB: '', fileVersion: 10.0.22000.1
C:\Program Files\UnityEditors\2021.3.9f1\Editor\etccompress.dll:etccompress.dll (00007FFFF7DF0000), size: 5066752 (result: 0), SymType: '-deferred-', PDB: ''
C:\WINDOWS\System32\ADVAPI32.dll:ADVAPI32.dll (00007FF858CE0000), size: 712704 (result: 0), SymType: '-deferred-', PDB: '', fileVersion: 10.0.22000.1098
C:\Program Files\UnityEditors\2021.3.9f1\Editor\ispc_texcomp.dll:ispc_texcomp.dll (00007FFFFF930000), size: 1740800 (result: 0), SymType: '-deferred-', PDB: ''
C:\WINDOWS\System32\msvcrt.dll:msvcrt.dll (00007FF859030000), size: 667648 (result: 0), SymType: '-deferred-', PDB: '', fileVersion: 7.0.22000.1
C:\Program Files\UnityEditors\2021.3.9f1\Editor\OpenImageDenoise.dll:OpenImageDenoise.dll (00007FFF98790000), size: 48848896 (result: 0), SymType: '-deferred-', PDB: '', fileVersion: 1.4.2.0
C:\WINDOWS\System32\sechost.dll:sechost.dll (00007FF858B30000), size: 647168 (result: 0), SymType: '-deferred-', PDB: '', fileVersion: 10.0.22000.708
C:\Program Files\UnityEditors\2021.3.9f1\Editor\compress_bc7e.dll:compress_bc7e.dll (00007FFFFEA60000), size: 1441792 (result: 8), SymType: '-unknown-', PDB: ''
C:\Program Files\UnityEditors\2021.3.9f1\Editor\FreeImage.dll:FreeImage.dll (0000000180000000), size: 6582272 (result: 0), SymType: '-deferred-', PDB: '', fileVersion: 3.18.0.0
C:\WINDOWS\System32\RPCRT4.dll:RPCRT4.dll (00007FF85A1B0000), size: 1179648 (result: 0), SymType: '-deferred-', PDB: '', fileVersion: 10.0.22000.1455
C:\Program Files\UnityEditors\2021.3.9f1\Editor\WinPixEventRuntime.dll:WinPixEventRuntime.dll (00007FF8548A0000), size: 45056 (result: 8), SymType: '-unknown-', PDB: '', fileVersion: 1.0.1812.6001
C:\WINDOWS\System32\WS2_32.dll:WS2_32.dll (00007FF85A140000), size: 454656 (result: 0), SymType: '-deferred-', PDB: '', fileVersion: 10.0.22000.1
C:\WINDOWS\System32\SHELL32.dll:SHELL32.dll (00007FF859980000), size: 8089600 (result: 8), SymType: '-unknown-', PDB: '', fileVersion: 10.0.22000.1455
C:\Program Files\UnityEditors\2021.3.9f1\Editor\umbraoptimizer64.dll:umbraoptimizer64.dll (00007FF800150000), size: 1187840 (result: 8), SymType: '-unknown-', PDB: ''
C:\WINDOWS\System32\SHLWAPI.dll:SHLWAPI.dll (00007FF859580000), size: 380928 (result: 8), SymType: '-unknown-', PDB: '', fileVersion: 10.0.22000.1
C:\Program Files\UnityEditors\2021.3.9f1\Editor\tbb12.dll:tbb12.dll (00007FF801BC0000), size: 434176 (result: 8), SymType: '-unknown-', PDB: ''
C:\WINDOWS\System32\ole32.dll:ole32.dll (00007FF85A2D0000), size: 1679360 (result: 8), SymType: '-unknown-', PDB: '', fileVersion: 10.0.22000.120
C:\WINDOWS\SYSTEM32\VCRUNTIME140.dll:VCRUNTIME140.dll (00007FF841540000), size: 110592 (result: 8), SymType: '-unknown-', PDB: '', fileVersion: 14.32.31332.0
C:\WINDOWS\SYSTEM32\MSVCP140.dll:MSVCP140.dll (00007FF841560000), size: 581632 (result: 8), SymType: '-unknown-', PDB: '', fileVersion: 14.32.31332.0
C:\WINDOWS\System32\combase.dll:combase.dll (00007FF85A5C0000), size: 3637248 (result: 8), SymType: '-unknown-', PDB: '', fileVersion: 10.0.22000.1165
C:\WINDOWS\System32\IMM32.dll:IMM32.dll (00007FF859940000), size: 204800 (result: 8), SymType: '-unknown-', PDB: '', fileVersion: 10.0.22000.1165
C:\WINDOWS\System32\SETUPAPI.dll:SETUPAPI.dll (00007FF8590E0000), size: 4636672 (result: 8), SymType: '-unknown-', PDB: '', fileVersion: 10.0.22000.469
C:\Program Files\UnityEditors\2021.3.9f1\Editor\tbbmalloc.dll:tbbmalloc.dll (00007FF800100000), size: 282624 (result: 8), SymType: '-unknown-', PDB: ''
C:\WINDOWS\SYSTEM32\VCRUNTIME140_1.dll:VCRUNTIME140_1.dll (00007FF841450000), size: 49152 (result: 8), SymType: '-unknown-', PDB: '', fileVersion: 14.32.31332.0
C:\WINDOWS\System32\OLEAUT32.dll:OLEAUT32.dll (00007FF85A470000), size: 876544 (result: 8), SymType: '-unknown-', PDB: '', fileVersion: 10.0.22000.1
C:\WINDOWS\SYSTEM32\OPENGL32.dll:OPENGL32.dll (00007FF816070000), size: 1052672 (result: 8), SymType: '-unknown-', PDB: '', fileVersion: 10.0.22000.1042
C:\WINDOWS\System32\WINTRUST.dll:WINTRUST.dll (00007FF8586F0000), size: 425984 (result: 8), SymType: '-unknown-', PDB: '', fileVersion: 10.0.22000.1281
C:\WINDOWS\SYSTEM32\GLU32.dll:GLU32.dll (00007FF816000000), size: 184320 (result: 0), SymType: '-deferred-', PDB: '', fileVersion: 10.0.22000.1042
C:\WINDOWS\SYSTEM32\IPHLPAPI.DLL:IPHLPAPI.DLL (00007FF855E00000), size: 184320 (result: 8), SymType: '-unknown-', PDB: '', fileVersion: 10.0.22000.282
C:\WINDOWS\SYSTEM32\WINHTTP.dll:WINHTTP.dll (00007FF8514A0000), size: 1130496 (result: 8), SymType: '-unknown-', PDB: '', fileVersion: 10.0.22000.1165
C:\WINDOWS\SYSTEM32\WINMM.dll:WINMM.dll (00007FF846590000), size: 208896 (result: 8), SymType: '-unknown-', PDB: '', fileVersion: 10.0.22000.1
C:\WINDOWS\SYSTEM32\bcrypt.dll:bcrypt.dll (00007FF857830000), size: 159744 (result: 8), SymType: '-unknown-', PDB: '', fileVersion: 10.0.22000.1455
C:\WINDOWS\SYSTEM32\HID.DLL:HID.DLL (00007FF855BC0000), size: 57344 (result: 8), SymType: '-unknown-', PDB: '', fileVersion: 10.0.22000.1
C:\Program Files\UnityEditors\2021.3.9f1\Editor\RadeonImageFilters.dll:RadeonImageFilters.dll (00007FFFFDF80000), size: 2961408 (result: 8), SymType: '-unknown-', PDB: '', fileVersion: 1.7.0.0
C:\WINDOWS\SYSTEM32\dwmapi.dll:dwmapi.dll (00007FF8558C0000), size: 192512 (result: 8), SymType: '-unknown-', PDB: '', fileVersion: 10.0.22000.41
C:\Program Files\UnityEditors\2021.3.9f1\Editor\SketchUpAPI.dll:SketchUpAPI.dll (00007FFFF4B30000), size: 9306112 (result: 8), SymType: '-unknown-', PDB: '', fileVersion: 20.2.172.0
C:\WINDOWS\SYSTEM32\VERSION.dll:VERSION.dll (00007FF856C00000), size: 40960 (result: 8), SymType: '-unknown-', PDB: '', fileVersion: 10.0.22000.1
C:\WINDOWS\SYSTEM32\WSOCK32.dll:WSOCK32.dll (00007FF83F280000), size: 36864 (result: 8), SymType: '-unknown-', PDB: '', fileVersion: 10.0.22000.1
C:\Program Files\UnityEditors\2021.3.9f1\Editor\RadeonML.dll:RadeonML.dll (00007FF812540000), size: 94208 (result: 8), SymType: '-unknown-', PDB: '', fileVersion: 0.9.11.0
C:\Program Files\UnityEditors\2021.3.9f1\Editor\SketchUpCommonPreferences.dll:SketchUpCommonPreferences.dll (00007FF800000000), size: 479232 (result: 8), SymType: '-unknown-', PDB: '', fileVersion: 20.2.172.37
C:\WINDOWS\SYSTEM32\Secur32.dll:Secur32.dll (00007FF856C10000), size: 49152 (result: 8), SymType: '-unknown-', PDB: '', fileVersion: 10.0.22000.675
C:\WINDOWS\SYSTEM32\dxcore.dll:dxcore.dll (00007FF855450000), size: 229376 (result: 8), SymType: '-unknown-', PDB: '', fileVersion: 10.0.22000.653
C:\WINDOWS\SYSTEM32\SSPICLI.DLL:SSPICLI.DLL (00007FF857250000), size: 270336 (result: 8), SymType: '-unknown-', PDB: '', fileVersion: 10.0.22000.1098
C:\Program Files\UnityEditors\2021.3.9f1\Editor\OpenRL.dll:OpenRL.dll (00000163F1960000), size: 12779520 (result: 8), SymType: '-unknown-', PDB: '', fileVersion: 1.5.0.2907
C:\WINDOWS\SYSTEM32\MSVCP100.dll:MSVCP100.dll (00000000512C0000), size: 622592 (result: 8), SymType: '-unknown-', PDB: '', fileVersion: 10.0.40219.325
C:\WINDOWS\SYSTEM32\MSVCR100.dll:MSVCR100.dll (0000000051590000), size: 860160 (result: 8), SymType: '-unknown-', PDB: '', fileVersion: 10.0.40219.325
C:\Program Files\UnityEditors\2021.3.9f1\Editor\embree.dll:embree.dll (00007FFFEEFD0000), size: 16711680 (result: 8), SymType: '-unknown-', PDB: '', fileVersion: 2.14.0.0
C:\WINDOWS\SYSTEM32\cfgmgr32.DLL:cfgmgr32.DLL (00007FF857B20000), size: 311296 (result: 8), SymType: '-unknown-', PDB: '', fileVersion: 10.0.22000.1
C:\WINDOWS\SYSTEM32\MSWSOCK.DLL:MSWSOCK.DLL (00007FF857460000), size: 421888 (result: 8), SymType: '-unknown-', PDB: '', fileVersion: 10.0.22000.1
C:\Program Files\UnityEditors\2021.3.9f1\Editor\tbb.dll:tbb.dll (00007FFFFF8C0000), size: 413696 (result: 8), SymType: '-unknown-', PDB: '', fileVersion: 2017.0.2016.1004
C:\WINDOWS\SYSTEM32\MSVCP120.dll:MSVCP120.dll (00007FFFFE9B0000), size: 679936 (result: 0), SymType: '-deferred-', PDB: '', fileVersion: 12.0.40664.0
C:\WINDOWS\SYSTEM32\MSVCR120.dll:MSVCR120.dll (00007FFFFDE90000), size: 978944 (result: 8), SymType: '-unknown-', PDB: '', fileVersion: 12.0.40664.0
C:\Program Files\UnityEditors\2021.3.9f1\Editor\OpenRL_pthread.dll:OpenRL_pthread.dll (00000163F25B0000), size: 61440 (result: 8), SymType: '-unknown-', PDB: '', fileVersion: 2.9.0.0
C:\WINDOWS\SYSTEM32\MSASN1.dll:MSASN1.dll (00007FF857700000), size: 73728 (result: 8), SymType: '-unknown-', PDB: '', fileVersion: 10.0.22000.1219
C:\WINDOWS\SYSTEM32\kernel.appcore.dll:kernel.appcore.dll (00007FF856F40000), size: 98304 (result: 8), SymType: '-unknown-', PDB: '', fileVersion: 10.0.22000.71
C:\WINDOWS\System32\bcryptPrimitives.dll:bcryptPrimitives.dll (00007FF858490000), size: 520192 (result: 8), SymType: '-unknown-', PDB: '', fileVersion: 10.0.22000.1455
C:\WINDOWS\system32\uxtheme.dll:uxtheme.dll (00007FF855370000), size: 704512 (result: 0), SymType: '-deferred-', PDB: '', fileVersion: 10.0.22000.832
C:\ProgramData\A-Volute\A-Volute.SonicStudio3\Modules\ScheduledModules\x64\AudioDevProps2.dll:AudioDevProps2.dll (00007FF80E7D0000), size: 1249280 (result: 8), SymType: '-unknown-', PDB: '', fileVersion: 2.6.13.0
C:\WINDOWS\System32\shcore.dll:shcore.dll (00007FF859670000), size: 958464 (result: 8), SymType: '-unknown-', PDB: '', fileVersion: 10.0.22000.613
C:\WINDOWS\SYSTEM32\windows.storage.dll:windows.storage.dll (00007FF856310000), size: 8802304 (result: 8), SymType: '-unknown-', PDB: '', fileVersion: 10.0.22000.1281
C:\WINDOWS\SYSTEM32\wintypes.dll:wintypes.dll (00007FF856130000), size: 1466368 (result: 8), SymType: '-unknown-', PDB: '', fileVersion: 10.0.22000.1165
C:\WINDOWS\SYSTEM32\profapi.dll:profapi.dll (00007FF857D80000), size: 135168 (result: 8), SymType: '-unknown-', PDB: '', fileVersion: 10.0.22000.1
C:\WINDOWS\system32\IconCodecService.dll:IconCodecService.dll (00007FF824250000), size: 36864 (result: 8), SymType: '-unknown-', PDB: '', fileVersion: 10.0.22000.1
C:\WINDOWS\SYSTEM32\WindowsCodecs.dll:WindowsCodecs.dll (00007FF84F030000), size: 1761280 (result: 8), SymType: '-unknown-', PDB: '', fileVersion: 10.0.22000.1042
C:\WINDOWS\System32\clbcatq.dll:clbcatq.dll (00007FF858C20000), size: 741376 (result: 8), SymType: '-unknown-', PDB: '', fileVersion: 2001.12.10941.16384
C:\WINDOWS\System32\netprofm.dll:netprofm.dll (00007FF852B50000), size: 462848 (result: 8), SymType: '-unknown-', PDB: '', fileVersion: 10.0.22000.1281
C:\WINDOWS\System32\npmproxy.dll:npmproxy.dll (00007FF84F460000), size: 73728 (result: 8), SymType: '-unknown-', PDB: '', fileVersion: 10.0.22000.1281
C:\WINDOWS\System32\NSI.dll:NSI.dll (00007FF858C10000), size: 36864 (result: 8), SymType: '-unknown-', PDB: '', fileVersion: 10.0.22000.1
C:\WINDOWS\SYSTEM32\dhcpcsvc6.DLL:dhcpcsvc6.DLL (00007FF8518F0000), size: 102400 (result: 8), SymType: '-unknown-', PDB: '', fileVersion: 10.0.22000.1098
C:\WINDOWS\SYSTEM32\dhcpcsvc.DLL:dhcpcsvc.DLL (00007FF851CB0000), size: 122880 (result: 8), SymType: '-unknown-', PDB: '', fileVersion: 10.0.22000.1098
C:\WINDOWS\SYSTEM32\DNSAPI.dll:DNSAPI.dll (00007FF855E30000), size: 950272 (result: 8), SymType: '-unknown-', PDB: '', fileVersion: 10.0.22000.1165
C:\WINDOWS\System32\fwpuclnt.dll:fwpuclnt.dll (00007FF84F480000), size: 528384 (result: 8), SymType: '-unknown-', PDB: '', fileVersion: 10.0.22000.1455
C:\Windows\System32\rasadhlp.dll:rasadhlp.dll (00007FF84D540000), size: 40960 (result: 8), SymType: '-unknown-', PDB: '', fileVersion: 10.0.22000.1
C:\Program Files\UnityEditors\2021.3.9f1\Editor\NVUnityPlugin.DLL:NVUnityPlugin.DLL (00007FFFFB150000), size: 1536000 (result: 8), SymType: '-unknown-', PDB: ''
C:\Program Files\UnityEditors\2021.3.9f1\Editor\Data\Tools\astcenc-avx2.dll:astcenc-avx2.dll (00007FFFFF830000), size: 561152 (result: 8), SymType: '-unknown-', PDB: ''
C:\WINDOWS\SYSTEM32\d3d11.dll:d3d11.dll (00007FF84FF30000), size: 2621440 (result: 8), SymType: '-unknown-', PDB: '', fileVersion: 10.0.22000.1042
C:\WINDOWS\SYSTEM32\dxgi.dll:dxgi.dll (00007FF8554B0000), size: 995328 (result: 8), SymType: '-unknown-', PDB: '', fileVersion: 10.0.22000.1042
C:\WINDOWS\SYSTEM32\directxdatabasehelper.dll:directxdatabasehelper.dll (00007FF851AE0000), size: 278528 (result: 8), SymType: '-unknown-', PDB: '', fileVersion: 10.0.22000.653
C:\WINDOWS\SYSTEM32\ntmarta.dll:ntmarta.dll (00007FF856F70000), size: 212992 (result: 8), SymType: '-unknown-', PDB: '', fileVersion: 10.0.22000.1

========== OUTPUTTING STACK TRACE ==================

SymInit: Symbol-SearchPath: 'C:/Program Files/UnityEditors/2021.3.9f1/Editor/Data/Mono;.;C:\Users\NarraAtor\Documents\RIT Arc\Third Year\Spring Semester\IGME 560\IGME560 Repo\IGME560Repo\HW1 Movement;C:\Users\NarraAtor\Documents\RIT Arc\Third Year\Spring Semester\IGME 560\IGME560 Repo\IGME560Repo\HW1 Movement\Library\BurstCache\JIT;C:\Program Files\UnityEditors\2021.3.9f1\Editor;C:\WINDOWS;C:\WINDOWS\system32;SRV*C:\websymbols*http://msdl.microsoft.com/download/symbols;', symOptions: 534, UserName: 'NarraAtor'
OS-Version: 10.0.0
C:\Program Files\UnityEditors\2021.3.9f1\Editor\Unity.exe:Unity.exe (00007FF760180000), size: 73478144 (result: 0), SymType: '-nosymbols-', PDB: 'C:\Program Files\UnityEditors\2021.3.9f1\Editor\Unity.exe', fileVersion: 2021.3.9.14448
C:\WINDOWS\SYSTEM32\ntdll.dll:ntdll.dll (00007FF85A980000), size: 2134016 (result: 0), SymType: '-nosymbols-', PDB: 'C:\WINDOWS\SYSTEM32\ntdll.dll', fileVersion: 10.0.22000.918
C:\WINDOWS\System32\KERNEL32.DLL:KERNEL32.DLL (00007FF859760000), size: 778240 (result: 0), SymType: '-nosymbols-', PDB: 'C:\WINDOWS\System32\KERNEL32.DLL', fileVersion: 10.0.22000.1335
C:\WINDOWS\System32\KERNELBASE.dll:KERNELBASE.dll (00007FF858110000), size: 3649536 (result: 0), SymType: '-nosymbols-', PDB: 'C:\WINDOWS\System32\KERNELBASE.dll', fileVersion: 10.0.22000.1335
C:\WINDOWS\System32\CRYPT32.dll:CRYPT32.dll (00007FF857E50000), size: 1449984 (result: 0), SymType: '-nosymbols-', PDB: 'C:\WINDOWS\System32\CRYPT32.dll', fileVersion: 10.0.22000.1098
C:\WINDOWS\System32\ucrtbase.dll:ucrtbase.dll (00007FF8585D0000), size: 1118208 (result: 0), SymType: '-nosymbols-', PDB: 'C:\WINDOWS\System32\ucrtbase.dll', fileVersion: 10.0.22000.1
C:\WINDOWS\System32\USER32.dll:USER32.dll (00007FF858D90000), size: 1757184 (result: 0), SymType: '-nosymbols-', PDB: 'C:\WINDOWS\System32\USER32.dll', fileVersion: 10.0.22000.1455
C:\WINDOWS\System32\win32u.dll:win32u.dll (00007FF857FC0000), size: 155648 (result: 0), SymType: '-nosymbols-', PDB: 'C:\WINDOWS\System32\win32u.dll', fileVersion: 10.0.22000.1455
C:\WINDOWS\System32\GDI32.dll:GDI32.dll (00007FF859550000), size: 167936 (result: 0), SymType: '-nosymbols-', PDB: 'C:\WINDOWS\System32\GDI32.dll', fileVersion: 10.0.22000.832
C:\Program Files\UnityEditors\2021.3.9f1\Editor\libfbxsdk.dll:libfbxsdk.dll (00007FFFF5410000), size: 10215424 (result: 0), SymType: '-nosymbols-', PDB: 'C:\Program Files\UnityEditors\2021.3.9f1\Editor\libfbxsdk.dll', fileVersion: 2020.2.0.0
C:\Program Files\UnityEditors\2021.3.9f1\Editor\optix.6.0.0.dll:optix.6.0.0.dll (00007FF803BC0000), size: 208896 (result: 0), SymType: '-nosymbols-', PDB: 'C:\Program Files\UnityEditors\2021.3.9f1\Editor\optix.6.0.0.dll', fileVersion: 6.0.0.0
C:\Program Files\UnityEditors\2021.3.9f1\Editor\s3tcompress.dll:s3tcompress.dll (00007FF8547E0000), size: 180224 (result: 0), SymType: '-nosymbols-', PDB: 'C:\Program Files\UnityEditors\2021.3.9f1\Editor\s3tcompress.dll'
C:\WINDOWS\System32\gdi32full.dll:gdi32full.dll (00007FF857FF0000), size: 1146880 (result: 0), SymType: '-nosymbols-', PDB: 'C:\WINDOWS\System32\gdi32full.dll', fileVersion: 10.0.22000.1335
C:\WINDOWS\System32\msvcp_win.dll:msvcp_win.dll (00007FF858760000), size: 643072 (result: 0), SymType: '-nosymbols-', PDB: 'C:\WINDOWS\System32\msvcp_win.dll', fileVersion: 10.0.22000.1
C:\Program Files\UnityEditors\2021.3.9f1\Editor\etccompress.dll:etccompress.dll (00007FFFF7DF0000), size: 5066752 (result: 0), SymType: '-nosymbols-', PDB: 'C:\Program Files\UnityEditors\2021.3.9f1\Editor\etccompress.dll'
C:\WINDOWS\System32\ADVAPI32.dll:ADVAPI32.dll (00007FF858CE0000), size: 712704 (result: 0), SymType: '-exported-', PDB: 'C:\WINDOWS\System32\ADVAPI32.dll', fileVersion: 10.0.22000.1098
C:\Program Files\UnityEditors\2021.3.9f1\Editor\ispc_texcomp.dll:ispc_texcomp.dll (00007FFFFF930000), size: 1740800 (result: 0), SymType: '-nosymbols-', PDB: 'C:\Program Files\UnityEditors\2021.3.9f1\Editor\ispc_texcomp.dll'
C:\WINDOWS\System32\msvcrt.dll:msvcrt.dll (00007FF859030000), size: 667648 (result: 0), SymType: '-nosymbols-', PDB: 'C:\WINDOWS\System32\msvcrt.dll', fileVersion: 7.0.22000.1
C:\Program Files\UnityEditors\2021.3.9f1\Editor\OpenImageDenoise.dll:OpenImageDenoise.dll (00007FFF98790000), size: 48848896 (result: 0), SymType: '-nosymbols-', PDB: 'C:\Program Files\UnityEditors\2021.3.9f1\Editor\OpenImageDenoise.dll', fileVersion: 1.4.2.0
C:\WINDOWS\System32\sechost.dll:sechost.dll (00007FF858B30000), size: 647168 (result: 0), SymType: '-nosymbols-', PDB: 'C:\WINDOWS\System32\sechost.dll', fileVersion: 10.0.22000.708
C:\Program Files\UnityEditors\2021.3.9f1\Editor\compress_bc7e.dll:compress_bc7e.dll (00007FFFFEA60000), size: 1441792 (result: 0), SymType: '-deferred-', PDB: ''
C:\Program Files\UnityEditors\2021.3.9f1\Editor\FreeImage.dll:FreeImage.dll (0000000180000000), size: 6582272 (result: 0), SymType: '-nosymbols-', PDB: 'C:\Program Files\UnityEditors\2021.3.9f1\Editor\FreeImage.dll', fileVersion: 3.18.0.0
C:\WINDOWS\System32\RPCRT4.dll:RPCRT4.dll (00007FF85A1B0000), size: 1179648 (result: 0), SymType: '-exported-', PDB: 'C:\WINDOWS\System32\RPCRT4.dll', fileVersion: 10.0.22000.1455
C:\Program Files\UnityEditors\2021.3.9f1\Editor\WinPixEventRuntime.dll:WinPixEventRuntime.dll (00007FF8548A0000), size: 45056 (result: 0), SymType: '-deferred-', PDB: '', fileVersion: 1.0.1812.6001
C:\WINDOWS\System32\WS2_32.dll:WS2_32.dll (00007FF85A140000), size: 454656 (result: 0), SymType: '-exported-', PDB: 'C:\WINDOWS\System32\WS2_32.dll', fileVersion: 10.0.22000.1
C:\WINDOWS\System32\SHELL32.dll:SHELL32.dll (00007FF859980000), size: 8089600 (result: 0), SymType: '-deferred-', PDB: '', fileVersion: 10.0.22000.1455
C:\Program Files\UnityEditors\2021.3.9f1\Editor\umbraoptimizer64.dll:umbraoptimizer64.dll (00007FF800150000), size: 1187840 (result: 0), SymType: '-deferred-', PDB: ''
C:\WINDOWS\System32\SHLWAPI.dll:SHLWAPI.dll (00007FF859580000), size: 380928 (result: 0), SymType: '-deferred-', PDB: '', fileVersion: 10.0.22000.1
C:\Program Files\UnityEditors\2021.3.9f1\Editor\tbb12.dll:tbb12.dll (00007FF801BC0000), size: 434176 (result: 0), SymType: '-deferred-', PDB: ''
C:\WINDOWS\System32\ole32.dll:ole32.dll (00007FF85A2D0000), size: 1679360 (result: 0), SymType: '-deferred-', PDB: '', fileVersion: 10.0.22000.120
C:\WINDOWS\SYSTEM32\VCRUNTIME140.dll:VCRUNTIME140.dll (00007FF841540000), size: 110592 (result: 0), SymType: '-deferred-', PDB: '', fileVersion: 14.32.31332.0
C:\WINDOWS\SYSTEM32\MSVCP140.dll:MSVCP140.dll (00007FF841560000), size: 581632 (result: 0), SymType: '-deferred-', PDB: '', fileVersion: 14.32.31332.0
C:\WINDOWS\System32\combase.dll:combase.dll (00007FF85A5C0000), size: 3637248 (result: 0), SymType: '-deferred-', PDB: '', fileVersion: 10.0.22000.1165
C:\WINDOWS\System32\IMM32.dll:IMM32.dll (00007FF859940000), size: 204800 (result: 0), SymType: '-deferred-', PDB: '', fileVersion: 10.0.22000.1165
C:\WINDOWS\System32\SETUPAPI.dll:SETUPAPI.dll (00007FF8590E0000), size: 4636672 (result: 0), SymType: '-deferred-', PDB: '', fileVersion: 10.0.22000.469
C:\Program Files\UnityEditors\2021.3.9f1\Editor\tbbmalloc.dll:tbbmalloc.dll (00007FF800100000), size: 282624 (result: 0), SymType: '-deferred-', PDB: ''
C:\WINDOWS\SYSTEM32\VCRUNTIME140_1.dll:VCRUNTIME140_1.dll (00007FF841450000), size: 49152 (result: 0), SymType: '-deferred-', PDB: '', fileVersion: 14.32.31332.0
C:\WINDOWS\System32\OLEAUT32.dll:OLEAUT32.dll (00007FF85A470000), size: 876544 (result: 0), SymType: '-deferred-', PDB: '', fileVersion: 10.0.22000.1
C:\WINDOWS\SYSTEM32\OPENGL32.dll:OPENGL32.dll (00007FF816070000), size: 1052672 (result: 8), SymType: '-unknown-', PDB: '', fileVersion: 10.0.22000.1042
  ERROR: LoadModule, GetLastError: 'Not enough memory resources are available to process this command.' (Address: 0000000000000000)
C:\WINDOWS\System32\WINTRUST.dll:WINTRUST.dll (00007FF8586F0000), size: 425984 (result: 8), SymType: '-unknown-', PDB: '', fileVersion: 10.0.22000.1281
  ERROR: LoadModule, GetLastError: 'Not enough memory resources are available to process this command.' (Address: 0000000000000000)
C:\WINDOWS\SYSTEM32\GLU32.dll:GLU32.dll (00007FF816000000), size: 184320 (result: 0), SymType: '-exported-', PDB: 'C:\WINDOWS\SYSTEM32\GLU32.dll', fileVersion: 10.0.22000.1042
C:\WINDOWS\SYSTEM32\IPHLPAPI.DLL:IPHLPAPI.DLL (00007FF855E00000), size: 184320 (result: 0), SymType: '-deferred-', PDB: '', fileVersion: 10.0.22000.282
C:\WINDOWS\SYSTEM32\WINHTTP.dll:WINHTTP.dll (00007FF8514A0000), size: 1130496 (result: 0), SymType: '-deferred-', PDB: '', fileVersion: 10.0.22000.1165
C:\WINDOWS\SYSTEM32\WINMM.dll:WINMM.dll (00007FF846590000), size: 208896 (result: 0), SymType: '-deferred-', PDB: '', fileVersion: 10.0.22000.1
C:\WINDOWS\SYSTEM32\bcrypt.dll:bcrypt.dll (00007FF857830000), size: 159744 (result: 0), SymType: '-deferred-', PDB: '', fileVersion: 10.0.22000.1455
C:\WINDOWS\SYSTEM32\HID.DLL:HID.DLL (00007FF855BC0000), size: 57344 (result: 0), SymType: '-deferred-', PDB: '', fileVersion: 10.0.22000.1
C:\Program Files\UnityEditors\2021.3.9f1\Editor\RadeonImageFilters.dll:RadeonImageFilters.dll (00007FFFFDF80000), size: 2961408 (result: 0), SymType: '-deferred-', PDB: '', fileVersion: 1.7.0.0
C:\WINDOWS\SYSTEM32\dwmapi.dll:dwmapi.dll (00007FF8558C0000), size: 192512 (result: 0), SymType: '-deferred-', PDB: '', fileVersion: 10.0.22000.41
C:\Program Files\UnityEditors\2021.3.9f1\Editor\SketchUpAPI.dll:SketchUpAPI.dll (00007FFFF4B30000), size: 9306112 (result: 0), SymType: '-deferred-', PDB: '', fileVersion: 20.2.172.0
C:\WINDOWS\SYSTEM32\VERSION.dll:VERSION.dll (00007FF856C00000), size: 40960 (result: 0), SymType: '-deferred-', PDB: '', fileVersion: 10.0.22000.1
C:\WINDOWS\SYSTEM32\WSOCK32.dll:WSOCK32.dll (00007FF83F280000), size: 36864 (result: 0), SymType: '-deferred-', PDB: '', fileVersion: 10.0.22000.1
C:\Program Files\UnityEditors\2021.3.9f1\Editor\RadeonML.dll:RadeonML.dll (00007FF812540000), size: 94208 (result: 0), SymType: '-deferred-', PDB: '', fileVersion: 0.9.11.0
C:\Program Files\UnityEditors\2021.3.9f1\Editor\SketchUpCommonPreferences.dll:SketchUpCommonPreferences.dll (00007FF800000000), size: 479232 (result: 0), SymType: '-deferred-', PDB: '', fileVersion: 20.2.172.37
C:\WINDOWS\SYSTEM32\Secur32.dll:Secur32.dll (00007FF856C10000), size: 49152 (result: 0), SymType: '-deferred-', PDB: '', fileVersion: 10.0.22000.675
C:\WINDOWS\SYSTEM32\dxcore.dll:dxcore.dll (00007FF855450000), size: 229376 (result: 0), SymType: '-deferred-', PDB: '', fileVersion: 10.0.22000.653
C:\WINDOWS\SYSTEM32\SSPICLI.DLL:SSPICLI.DLL (00007FF857250000), size: 270336 (result: 0), SymType: '-deferred-', PDB: '', fileVersion: 10.0.22000.1098
C:\Program Files\UnityEditors\2021.3.9f1\Editor\OpenRL.dll:OpenRL.dll (00000163F1960000), size: 12779520 (result: 0), SymType: '-deferred-', PDB: '', fileVersion: 1.5.0.2907
C:\WINDOWS\SYSTEM32\MSVCP100.dll:MSVCP100.dll (00000000512C0000), size: 622592 (result: 0), SymType: '-deferred-', PDB: '', fileVersion: 10.0.40219.325
C:\WINDOWS\SYSTEM32\MSVCR100.dll:MSVCR100.dll (0000000051590000), size: 860160 (result: 0), SymType: '-deferred-', PDB: '', fileVersion: 10.0.40219.325
C:\Program Files\UnityEditors\2021.3.9f1\Editor\embree.dll:embree.dll (00007FFFEEFD0000), size: 16711680 (result: 0), SymType: '-deferred-', PDB: '', fileVersion: 2.14.0.0
C:\WINDOWS\SYSTEM32\cfgmgr32.DLL:cfgmgr32.DLL (00007FF857B20000), size: 311296 (result: 0), SymType: '-deferred-', PDB: '', fileVersion: 10.0.22000.1
C:\WINDOWS\SYSTEM32\MSWSOCK.DLL:MSWSOCK.DLL (00007FF857460000), size: 421888 (result: 0), SymType: '-deferred-', PDB: '', fileVersion: 10.0.22000.1
C:\Program Files\UnityEditors\2021.3.9f1\Editor\tbb.dll:tbb.dll (00007FFFFF8C0000), size: 413696 (result: 0), SymType: '-deferred-', PDB: '', fileVersion: 2017.0.2016.1004
C:\WINDOWS\SYSTEM32\MSVCP120.dll:MSVCP120.dll (00007FFFFE9B0000), size: 679936 (result: 0), SymType: '-nosymbols-', PDB: 'C:\WINDOWS\SYSTEM32\MSVCP120.dll', fileVersion: 12.0.40664.0
C:\WINDOWS\SYSTEM32\MSVCR120.dll:MSVCR120.dll (00007FFFFDE90000), size: 978944 (result: 0), SymType: '-deferred-', PDB: '', fileVersion: 12.0.40664.0
C:\Program Files\UnityEditors\2021.3.9f1\Editor\OpenRL_pthread.dll:OpenRL_pthread.dll (00000163F25B0000), size: 61440 (result: 0), SymType: '-deferred-', PDB: '', fileVersion: 2.9.0.0
C:\WINDOWS\SYSTEM32\MSASN1.dll:MSASN1.dll (00007FF857700000), size: 73728 (result: 0), SymType: '-deferred-', PDB: '', fileVersion: 10.0.22000.1219
C:\WINDOWS\SYSTEM32\kernel.appcore.dll:kernel.appcore.dll (00007FF856F40000), size: 98304 (result: 0), SymType: '-deferred-', PDB: '', fileVersion: 10.0.22000.71
C:\WINDOWS\System32\bcryptPrimitives.dll:bcryptPrimitives.dll (00007FF858490000), size: 520192 (result: 0), SymType: '-deferred-', PDB: '', fileVersion: 10.0.22000.1455
C:\WINDOWS\system32\uxtheme.dll:uxtheme.dll (00007FF855370000), size: 704512 (result: 0), SymType: '-nosymbols-', PDB: 'C:\WINDOWS\system32\uxtheme.dll', fileVersion: 10.0.22000.832
C:\ProgramData\A-Volute\A-Volute.SonicStudio3\Modules\ScheduledModules\x64\AudioDevProps2.dll:AudioDevProps2.dll (00007FF80E7D0000), size: 1249280 (result: 0), SymType: '-deferred-', PDB: '', fileVersion: 2.6.13.0
C:\WINDOWS\System32\shcore.dll:shcore.dll (00007FF859670000), size: 958464 (result: 0), SymType: '-deferred-', PDB: '', fileVersion: 10.0.22000.613
C:\WINDOWS\SYSTEM32\windows.storage.dll:windows.storage.dll (00007FF856310000), size: 8802304 (result: 0), SymType: '-deferred-', PDB: '', fileVersion: 10.0.22000.1281
C:\WINDOWS\SYSTEM32\wintypes.dll:wintypes.dll (00007FF856130000), size: 1466368 (result: 0), SymType: '-deferred-', PDB: '', fileVersion: 10.0.22000.1165
C:\WINDOWS\SYSTEM32\profapi.dll:profapi.dll (00007FF857D80000), size: 135168 (result: 0), SymType: '-deferred-', PDB: '', fileVersion: 10.0.22000.1
C:\WINDOWS\system32\IconCodecService.dll:IconCodecService.dll (00007FF824250000), size: 36864 (result: 0), SymType: '-deferred-', PDB: '', fileVersion: 10.0.22000.1
C:\WINDOWS\SYSTEM32\WindowsCodecs.dll:WindowsCodecs.dll (00007FF84F030000), size: 1761280 (result: 0), SymType: '-deferred-', PDB: '', fileVersion: 10.0.22000.1042
C:\WINDOWS\System32\clbcatq.dll:clbcatq.dll (00007FF858C20000), size: 741376 (result: 0), SymType: '-deferred-', PDB: '', fileVersion: 2001.12.10941.16384
C:\WINDOWS\System32\netprofm.dll:netprofm.dll (00007FF852B50000), size: 462848 (result: 0), SymType: '-deferred-', PDB: '', fileVersion: 10.0.22000.1281
C:\WINDOWS\System32\npmproxy.dll:npmproxy.dll (00007FF84F460000), size: 73728 (result: 0), SymType: '-deferred-', PDB: '', fileVersion: 10.0.22000.1281
C:\WINDOWS\System32\NSI.dll:NSI.dll (00007FF858C10000), size: 36864 (result: 0), SymType: '-deferred-', PDB: '', fileVersion: 10.0.22000.1
C:\WINDOWS\SYSTEM32\dhcpcsvc6.DLL:dhcpcsvc6.DLL (00007FF8518F0000), size: 102400 (result: 0), SymType: '-deferred-', PDB: '', fileVersion: 10.0.22000.1098
C:\WINDOWS\SYSTEM32\dhcpcsvc.DLL:dhcpcsvc.DLL (00007FF851CB0000), size: 122880 (result: 0), SymType: '-deferred-', PDB: '', fileVersion: 10.0.22000.1098
C:\WINDOWS\SYSTEM32\DNSAPI.dll:DNSAPI.dll (00007FF855E30000), size: 950272 (result: 0), SymType: '-deferred-', PDB: '', fileVersion: 10.0.22000.1165
C:\WINDOWS\System32\fwpuclnt.dll:fwpuclnt.dll (00007FF84F480000), size: 528384 (result: 0), SymType: '-deferred-', PDB: '', fileVersion: 10.0.22000.1455
C:\Windows\System32\rasadhlp.dll:rasadhlp.dll (00007FF84D540000), size: 40960 (result: 0), SymType: '-deferred-', PDB: '', fileVersion: 10.0.22000.1
C:\Program Files\UnityEditors\2021.3.9f1\Editor\NVUnityPlugin.DLL:NVUnityPlugin.DLL (00007FFFFB150000), size: 1536000 (result: 0), SymType: '-deferred-', PDB: ''
C:\Program Files\UnityEditors\2021.3.9f1\Editor\Data\Tools\astcenc-avx2.dll:astcenc-avx2.dll (00007FFFFF830000), size: 561152 (result: 0), SymType: '-deferred-', PDB: ''
C:\WINDOWS\SYSTEM32\d3d11.dll:d3d11.dll (00007FF84FF30000), size: 2621440 (result: 0), SymType: '-deferred-', PDB: '', fileVersion: 10.0.22000.1042
C:\WINDOWS\SYSTEM32\dxgi.dll:dxgi.dll (00007FF8554B0000), size: 995328 (result: 0), SymType: '-deferred-', PDB: '', fileVersion: 10.0.22000.1042
C:\WINDOWS\SYSTEM32\directxdatabasehelper.dll:directxdatabasehelper.dll (00007FF851AE0000), size: 278528 (result: 0), SymType: '-deferred-', PDB: '', fileVersion: 10.0.22000.653
C:\WINDOWS\SYSTEM32\ntmarta.dll:ntmarta.dll (00007FF856F70000), size: 212992 (result: 0), SymType: '-deferred-', PDB: '', fileVersion: 10.0.22000.1
C:\WINDOWS\System32\DriverStore\FileRepository\nvami.inf_amd64_d36b3e14914fc88f\nvldumdx.dll:nvldumdx.dll (00007FFFDEC50000), size: 778240 (result: 0), SymType: '-deferred-', PDB: '', fileVersion: 31.0.15.2824
C:\WINDOWS\SYSTEM32\cryptnet.dll:cryptnet.dll (00007FF84F420000), size: 200704 (result: 8), SymType: '-unknown-', PDB: '', fileVersion: 10.0.22000.1
  ERROR: LoadModule, GetLastError: 'Not enough memory resources are available to process this command.' (Address: 0000000000000000)
C:\WINDOWS\SYSTEM32\drvstore.dll:drvstore.dll (00007FF84ED30000), size: 1347584 (result: 8), SymType: '-unknown-', PDB: '', fileVersion: 10.0.22000.120
  ERROR: LoadModule, GetLastError: 'Not enough memory resources are available to process this command.' (Address: 0000000000000000)
C:\WINDOWS\SYSTEM32\devobj.dll:devobj.dll (00007FF857B70000), size: 180224 (result: 8), SymType: '-unknown-', PDB: '', fileVersion: 10.0.22000.1
  ERROR: LoadModule, GetLastError: 'Not enough memory resources are available to process this command.' (Address: 0000000000000000)
C:\WINDOWS\SYSTEM32\wldp.dll:wldp.dll (00007FF857770000), size: 266240 (result: 8), SymType: '-unknown-', PDB: '', fileVersion: 10.0.22000.1281
  ERROR: LoadModule, GetLastError: 'Not enough memory resources are available to process this command.' (Address: 0000000000000000)
C:\WINDOWS\SYSTEM32\cryptbase.dll:cryptbase.dll (00007FF8576C0000), size: 49152 (result: 8), SymType: '-unknown-', PDB: '', fileVersion: 10.0.22000.1
  ERROR: LoadModule, GetLastError: 'Not enough memory resources are available to process this command.' (Address: 0000000000000000)
C:\WINDOWS\System32\imagehlp.dll:imagehlp.dll (00007FF858BD0000), size: 126976 (result: 8), SymType: '-unknown-', PDB: '', fileVersion: 10.0.22000.1
  ERROR: LoadModule, GetLastError: 'Not enough memory resources are available to process this command.' (Address: 0000000000000000)
C:\WINDOWS\SYSTEM32\CRYPTSP.dll:CRYPTSP.dll (00007FF8576A0000), size: 98304 (result: 8), SymType: '-unknown-', PDB: '', fileVersion: 10.0.22000.1
  ERROR: LoadModule, GetLastError: 'Not enough memory resources are available to process this command.' (Address: 0000000000000000)
C:\WINDOWS\system32\rsaenh.dll:rsaenh.dll (00007FF856EA0000), size: 217088 (result: 8), SymType: '-unknown-', PDB: '', fileVersion: 10.0.22000.282
  ERROR: LoadModule, GetLastError: 'Not enough memory resources are available to process this command.' (Address: 0000000000000000)
C:\WINDOWS\System32\DriverStore\FileRepository\nvami.inf_amd64_d36b3e14914fc88f\nvwgf2umx.dll:nvwgf2umx.dll (00007FFFCEA20000), size: 57208832 (result: 8), SymType: '-unknown-', PDB: '', fileVersion: 31.0.15.2824
  ERROR: LoadModule, GetLastError: 'Not enough memory resources are available to process this command.' (Address: 0000000000000000)
C:\WINDOWS\system32\nvspcap64.dll:nvspcap64.dll (00007FFFC3D00000), size: 2912256 (result: 8), SymType: '-unknown-', PDB: '', fileVersion: 3.25.1.27
  ERROR: LoadModule, GetLastError: 'Not enough memory resources are available to process this command.' (Address: 0000000000000000)
C:\WINDOWS\system32\wbem\wbemprox.dll:wbemprox.dll (00007FF84FF10000), size: 65536 (result: 0), SymType: '-deferred-', PDB: '', fileVersion: 10.0.22000.1
C:\WINDOWS\SYSTEM32\wbemcomn.dll:wbemcomn.dll (00007FF84E720000), size: 532480 (result: 8), SymType: '-unknown-', PDB: '', fileVersion: 10.0.22000.1
  ERROR: LoadModule, GetLastError: 'Not enough memory resources are available to process this command.' (Address: 0000000000000000)
C:\WINDOWS\system32\wbem\wbemsvc.dll:wbemsvc.dll (00007FF84C570000), size: 81920 (result: 8), SymType: '-unknown-', PDB: '', fileVersion: 10.0.22000.1
  ERROR: LoadModule, GetLastError: 'Not enough memory resources are available to process this command.' (Address: 0000000000000000)
C:\WINDOWS\system32\wbem\fastprox.dll:fastprox.dll (00007FF8482B0000), size: 1024000 (result: 8), SymType: '-unknown-', PDB: '', fileVersion: 10.0.22000.1
  ERROR: LoadModule, GetLastError: 'Not enough memory resources are available to process this command.' (Address: 0000000000000000)
C:\WINDOWS\SYSTEM32\amsi.dll:amsi.dll (00007FF8479D0000), size: 143360 (result: 8), SymType: '-unknown-', PDB: '', fileVersion: 10.0.22000.1042
  ERROR: LoadModule, GetLastError: 'Not enough memory resources are available to process this command.' (Address: 0000000000000000)
C:\WINDOWS\SYSTEM32\USERENV.dll:USERENV.dll (00007FF857550000), size: 167936 (result: 8), SymType: '-unknown-', PDB: '', fileVersion: 10.0.22000.1
  ERROR: LoadModule, GetLastError: 'Not enough memory resources are available to process this command.' (Address: 0000000000000000)
C:\ProgramData\Microsoft\Windows Defender\Platform\4.18.2211.5-0\MpOav.dll:MpOav.dll (00007FF847900000), size: 503808 (result: 8), SymType: '-unknown-', PDB: '', fileVersion: 4.18.2211.5
  ERROR: LoadModule, GetLastError: 'Not enough memory resources are available to process this command.' (Address: 0000000000000000)
C:\Program Files\UnityEditors\2021.3.9f1\Editor\cudart64_90.dll:cudart64_90.dll (00007FFFFDE20000), size: 397312 (result: 8), SymType: '-unknown-', PDB: '', fileVersion: 6.14.11.9000
  ERROR: LoadModule, GetLastError: 'Not enough memory resources are available to process this command.' (Address: 0000000000000000)
C:\WINDOWS\SYSTEM32\opencl.dll:opencl.dll (00007FFFFAC60000), size: 1490944 (result: 8), SymType: '-unknown-', PDB: '', fileVersion: 3.0.3.0
  ERROR: LoadModule, GetLastError: 'Not enough memory resources are available to process this command.' (Address: 0000000000000000)
C:\Program Files\UnityEditors\2021.3.9f1\Editor\radeonrays.dll:radeonrays.dll (00007FFFFD8E0000), size: 557056 (result: 8), SymType: '-unknown-', PDB: ''
  ERROR: LoadModule, GetLastError: 'Not enough memory resources are available to process this command.' (Address: 0000000000000000)
C:\Program Files\UnityEditors\2021.3.9f1\Editor\Data\MonoBleedingEdge\EmbedRuntime\mono-2.0-bdwgc.dll:mono-2.0-bdwgc.dll (00007FFFE4FC0000), size: 10686464 (result: 8), SymType: '-unknown-', PDB: ''
  ERROR: LoadModule, GetLastError: 'Not enough memory resources are available to process this command.' (Address: 0000000000000000)
C:\WINDOWS\SYSTEM32\dbghelp.dll:dbghelp.dll (00007FF854FA0000), size: 2232320 (result: 8), SymType: '-unknown-', PDB: '', fileVersion: 10.0.22000.1
  ERROR: LoadModule, GetLastError: 'Not enough memory resources are available to process this command.' (Address: 0000000000000000)
C:\WINDOWS\System32\psapi.dll:psapi.dll (00007FF858890000), size: 32768 (result: 8), SymType: '-unknown-', PDB: '', fileVersion: 10.0.22000.1
  ERROR: LoadModule, GetLastError: 'Not enough memory resources are available to process this command.' (Address: 0000000000000000)
  ERROR: SymGetSymFromAddr64, GetLastError: 'Attempt to access invalid address.' (Address: 00007FF85815441C)
0x00007FF85815441C (KERNELBASE) (function-name not available)
  ERROR: SymGetSymFromAddr64, GetLastError: 'The specified module could not be found.' (Address: 00007FFFE503064C)
  ERROR: SymGetModuleInfo64, GetLastError: 'A dynamic link library (DLL) initialization routine failed.' (Address: 00007FFFE503064C)
0x00007FFFE503064C ((<unknown>)) (function-name not available)
  ERROR: SymGetSymFromAddr64, GetLastError: 'The specified module could not be found.' (Address: 00007FFFE501C4A2)
  ERROR: SymGetModuleInfo64, GetLastError: 'A dynamic link library (DLL) initialization routine failed.' (Address: 00007FFFE501C4A2)
0x00007FFFE501C4A2 ((<unknown>)) (function-name not available)
  ERROR: SymGetSymFromAddr64, GetLastError: 'The specified module could not be found.' (Address: 00007FFFE501C508)
  ERROR: SymGetModuleInfo64, GetLastError: 'A dynamic link library (DLL) initialization routine failed.' (Address: 00007FFFE501C508)
0x00007FFFE501C508 ((<unknown>)) (function-name not available)
  ERROR: SymGetSymFromAddr64, GetLastError: 'The specified module could not be found.' (Address: 00007FFFE5136B2A)
  ERROR: SymGetModuleInfo64, GetLastError: 'A dynamic link library (DLL) initialization routine failed.' (Address: 00007FFFE5136B2A)
0x00007FFFE5136B2A ((<unknown>)) (function-name not available)
  ERROR: SymGetSymFromAddr64, GetLastError: 'The specified module could not be found.' (Address: 00007FFFE52DAF3B)
  ERROR: SymGetModuleInfo64, GetLastError: 'A dynamic link library (DLL) initialization routine failed.' (Address: 00007FFFE52DAF3B)
0x00007FFFE52DAF3B ((<unknown>)) (function-name not available)
  ERROR: SymGetSymFromAddr64, GetLastError: 'The specified module could not be found.' (Address: 00007FFFE523597D)
  ERROR: SymGetModuleInfo64, GetLastError: 'A dynamic link library (DLL) initialization routine failed.' (Address: 00007FFFE523597D)
0x00007FFFE523597D ((<unknown>)) (function-name not available)
  ERROR: SymGetSymFromAddr64, GetLastError: 'The specified module could not be found.' (Address: 00007FFFE5237097)
  ERROR: SymGetModuleInfo64, GetLastError: 'A dynamic link library (DLL) initialization routine failed.' (Address: 00007FFFE5237097)
0x00007FFFE5237097 ((<unknown>)) (function-name not available)
  ERROR: SymGetSymFromAddr64, GetLastError: 'The specified module could not be found.' (Address: 00007FFFE523DD4C)
  ERROR: SymGetModuleInfo64, GetLastError: 'A dynamic link library (DLL) initialization routine failed.' (Address: 00007FFFE523DD4C)
0x00007FFFE523DD4C ((<unknown>)) (function-name not available)
  ERROR: SymGetSymFromAddr64, GetLastError: 'The specified module could not be found.' (Address: 00007FFFE523F798)
  ERROR: SymGetModuleInfo64, GetLastError: 'A dynamic link library (DLL) initialization routine failed.' (Address: 00007FFFE523F798)
0x00007FFFE523F798 ((<unknown>)) (function-name not available)
  ERROR: SymGetSymFromAddr64, GetLastError: 'The specified module could not be found.' (Address: 00007FFFE517E764)
  ERROR: SymGetModuleInfo64, GetLastError: 'A dynamic link library (DLL) initialization routine failed.' (Address: 00007FFFE517E764)
0x00007FFFE517E764 ((<unknown>)) (function-name not available)
  ERROR: SymGetSymFromAddr64, GetLastError: 'The specified module could not be found.' (Address: 00007FFFE5179810)
  ERROR: SymGetModuleInfo64, GetLastError: 'A dynamic link library (DLL) initialization routine failed.' (Address: 00007FFFE5179810)
0x00007FFFE5179810 ((<unknown>)) (function-name not available)
  ERROR: SymGetSymFromAddr64, GetLastError: 'The specified module could not be found.' (Address: 00007FFFE52375AE)
  ERROR: SymGetModuleInfo64, GetLastError: 'A dynamic link library (DLL) initialization routine failed.' (Address: 00007FFFE52375AE)
0x00007FFFE52375AE ((<unknown>)) (function-name not available)
  ERROR: SymGetSymFromAddr64, GetLastError: 'The specified module could not be found.' (Address: 00007FFFE523DD4C)
  ERROR: SymGetModuleInfo64, GetLastError: 'A dynamic link library (DLL) initialization routine failed.' (Address: 00007FFFE523DD4C)
0x00007FFFE523DD4C ((<unknown>)) (function-name not available)
  ERROR: SymGetSymFromAddr64, GetLastError: 'The specified module could not be found.' (Address: 00007FFFE5330C9F)
  ERROR: SymGetModuleInfo64, GetLastError: 'A dynamic link library (DLL) initialization routine failed.' (Address: 00007FFFE5330C9F)
0x00007FFFE5330C9F ((<unknown>)) (function-name not available)
  ERROR: SymGetSymFromAddr64, GetLastError: 'The specified module could not be found.' (Address: 00007FFFE5331868)
  ERROR: SymGetModuleInfo64, GetLastError: 'A dynamic link library (DLL) initialization routine failed.' (Address: 00007FFFE5331868)
0x00007FFFE5331868 ((<unknown>)) (function-name not available)
  ERROR: SymGetSymFromAddr64, GetLastError: 'The specified module could not be found.' (Address: 00000165BFA103A6)
  ERROR: SymGetModuleInfo64, GetLastError: 'A dynamic link library (DLL) initialization routine failed.' (Address: 00000165BFA103A6)
0x00000165BFA103A6 ((<unknown>)) (function-name not available)
0x00000165BFA393B3 (Mono JIT Code) System.Text.Encoding:GetEncoding (string)
0x00000165BFA38FE3 (Mono JIT Code) System.Text.EncodingHelper:GetDefaultEncoding ()
0x00000165BFA38F4B (Mono JIT Code) System.Text.Encoding:CreateDefaultEncoding ()
0x00000165BFA38ECB (Mono JIT Code) System.Text.Encoding:get_Default ()
0x00000165BFA350A3 (Mono JIT Code) System.Text.Encoding:GetEncoding (int)
0x00000165BFA34693 (Mono JIT Code) System.Console:.cctor ()
0x00000165BFA303B5 (Mono JIT Code) (wrapper runtime-invoke) object:runtime_invoke_void (object,intptr,intptr,intptr)
  ERROR: SymGetSymFromAddr64, GetLastError: 'The specified module could not be found.' (Address: 00007FFFE523FE24)
  ERROR: SymGetModuleInfo64, GetLastError: 'A dynamic link library (DLL) initialization routine failed.' (Address: 00007FFFE523FE24)
0x00007FFFE523FE24 ((<unknown>)) (function-name not available)
  ERROR: SymGetSymFromAddr64, GetLastError: 'The specified module could not be found.' (Address: 00007FFFE517E764)
  ERROR: SymGetModuleInfo64, GetLastError: 'A dynamic link library (DLL) initialization routine failed.' (Address: 00007FFFE517E764)
0x00007FFFE517E764 ((<unknown>)) (function-name not available)
  ERROR: SymGetSymFromAddr64, GetLastError: 'The specified module could not be found.' (Address: 00007FFFE5179810)
  ERROR: SymGetModuleInfo64, GetLastError: 'A dynamic link library (DLL) initialization routine failed.' (Address: 00007FFFE5179810)
0x00007FFFE5179810 ((<unknown>)) (function-name not available)
  ERROR: SymGetSymFromAddr64, GetLastError: 'The specified module could not be found.' (Address: 00007FFFE52375AE)
  ERROR: SymGetModuleInfo64, GetLastError: 'A dynamic link library (DLL) initialization routine failed.' (Address: 00007FFFE52375AE)
0x00007FFFE52375AE ((<unknown>)) (function-name not available)
  ERROR: SymGetSymFromAddr64, GetLastError: 'The specified module could not be found.' (Address: 00007FFFE523DD4C)
  ERROR: SymGetModuleInfo64, GetLastError: 'A dynamic link library (DLL) initialization routine failed.' (Address: 00007FFFE523DD4C)
0x00007FFFE523DD4C ((<unknown>)) (function-name not available)
  ERROR: SymGetSymFromAddr64, GetLastError: 'The specified module could not be found.' (Address: 00007FFFE5330C9F)
  ERROR: SymGetModuleInfo64, GetLastError: 'A dynamic link library (DLL) initialization routine failed.' (Address: 00007FFFE5330C9F)
0x00007FFFE5330C9F ((<unknown>)) (function-name not available)
  ERROR: SymGetSymFromAddr64, GetLastError: 'The specified module could not be found.' (Address: 00007FFFE5331868)
  ERROR: SymGetModuleInfo64, GetLastError: 'A dynamic link library (DLL) initialization routine failed.' (Address: 00007FFFE5331868)
0x00007FFFE5331868 ((<unknown>)) (function-name not available)
  ERROR: SymGetSymFromAddr64, GetLastError: 'The specified module could not be found.' (Address: 00000165BFA103A6)
  ERROR: SymGetModuleInfo64, GetLastError: 'A dynamic link library (DLL) initialization routine failed.' (Address: 00000165BFA103A6)
0x00000165BFA103A6 ((<unknown>)) (function-name not available)
0x00000165BFA309B3 (Mono JIT Code) UnityEngine.UnityLogWriter:Init ()
0x00000165BFA3080B (Mono JIT Code) UnityEngine.ClassLibraryInitializer:Init ()
0x00000165BFA308B5 (Mono JIT Code) (wrapper runtime-invoke) object:runtime_invoke_void (object,intptr,intptr,intptr)
  ERROR: SymGetSymFromAddr64, GetLastError: 'The specified module could not be found.' (Address: 00007FFFE523FE24)
  ERROR: SymGetModuleInfo64, GetLastError: 'A dynamic link library (DLL) initialization routine failed.' (Address: 00007FFFE523FE24)
0x00007FFFE523FE24 ((<unknown>)) (function-name not available)
  ERROR: SymGetSymFromAddr64, GetLastError: 'The specified module could not be found.' (Address: 00007FFFE517E764)
  ERROR: SymGetModuleInfo64, GetLastError: 'A dynamic link library (DLL) initialization routine failed.' (Address: 00007FFFE517E764)
0x00007FFFE517E764 ((<unknown>)) (function-name not available)
  ERROR: SymGetSymFromAddr64, GetLastError: 'The specified module could not be found.' (Address: 00007FFFE517E8FC)
  ERROR: SymGetModuleInfo64, GetLastError: 'A dynamic link library (DLL) initialization routine failed.' (Address: 00007FFFE517E8FC)
0x00007FFFE517E8FC ((<unknown>)) (function-name not available)
  ERROR: SymGetSymFromAddr64, GetLastError: 'Attempt to access invalid address.' (Address: 00007FF7610A4DB4)
0x00007FF7610A4DB4 (Unity) (function-name not available)
  ERROR: SymGetSymFromAddr64, GetLastError: 'Attempt to access invalid address.' (Address: 00007FF761084654)
0x00007FF761084654 (Unity) (function-name not available)
  ERROR: SymGetSymFromAddr64, GetLastError: 'Attempt to access invalid address.' (Address: 00007FF761074E7B)
0x00007FF761074E7B (Unity) (function-name not available)
  ERROR: SymGetSymFromAddr64, GetLastError: 'Attempt to access invalid address.' (Address: 00007FF76106D23F)
0x00007FF76106D23F (Unity) (function-name not available)
  ERROR: SymGetSymFromAddr64, GetLastError: 'Attempt to access invalid address.' (Address: 00007FF761076A07)
0x00007FF761076A07 (Unity) (function-name not available)
  ERROR: SymGetSymFromAddr64, GetLastError: 'Attempt to access invalid address.' (Address: 00007FF761FB010E)
0x00007FF761FB010E (Unity) (function-name not available)
  ERROR: SymGetSymFromAddr64, GetLastError: 'Attempt to access invalid address.' (Address: 00007FF761CA10C0)
0x00007FF761CA10C0 (Unity) (function-name not available)
  ERROR: SymGetSymFromAddr64, GetLastError: 'Attempt to access invalid address.' (Address: 00007FF7620FF828)
0x00007FF7620FF828 (Unity) (function-name not available)
  ERROR: SymGetSymFromAddr64, GetLastError: 'Attempt to access invalid address.' (Address: 00007FF76348421E)
0x00007FF76348421E (Unity) (function-name not available)
  ERROR: SymGetSymFromAddr64, GetLastError: 'Attempt to access invalid address.' (Address: 00007FF8597755A0)
0x00007FF8597755A0 (KERNEL32) (function-name not available)
  ERROR: SymGetSymFromAddr64, GetLastError: 'Attempt to access invalid address.' (Address: 00007FF85A98485B)
0x00007FF85A98485B (ntdll) (function-name not available)

========== END OF STACKTRACE ===========

A crash has been intercepted by the crash handler. For call stack and other details, see the latest crash report generated in:
 * C:/Users/NARRAA~1/AppData/Local/Temp/Unity/Editor/Crashes
